<?xml version="1.0" encoding="UTF-8"?>
<!-- Generated by org.testng.reporters.JUnitReportReporter -->
<testsuite hostname="DESKTOP-NN2G5LG" failures="0" tests="2" name="hardassertion.AssertTrueFalseDemo" time="0.024" errors="0" timestamp="2022-11-09T11:39:12 IST" skipped="0">
  <testcase classname="hardassertion.AssertTrueFalseDemo" name="assertTrueDemo" time="0.003"/>
  <system-out/>
  <testcase classname="hardassertion.AssertTrueFalseDemo" name="assertFalseDemo" time="0.021"/>
  <system-out/>
</testsuite> <!-- hardassertion.AssertTrueFalseDemo -->
