<?xml version="1.0" encoding="UTF-8"?>
<!-- Generated by org.testng.reporters.JUnitReportReporter -->
<testsuite hostname="DESKTOP-NN2G5LG" failures="0" tests="3" name="products.Products" time="0.020" errors="0" timestamp="2022-11-09T11:51:24 IST" skipped="0">
  <testcase classname="products.Products" name="deleteProduct" time="0.003"/>
  <system-out/>
  <testcase classname="products.Products" name="createProduct" time="0.013"/>
  <system-out/>
  <testcase classname="products.Products" name="modifyProduct" time="0.004"/>
  <system-out/>
</testsuite> <!-- products.Products -->
