<?xml version="1.0" encoding="UTF-8"?>
<!-- Generated by org.testng.reporters.JUnitReportReporter -->
<testsuite hostname="DESKTOP-NN2G5LG" failures="0" tests="2" name="hardassertion.AssertSameDemo" time="0.022" errors="0" timestamp="2022-11-09T11:38:15 IST" skipped="0">
  <testcase classname="hardassertion.AssertSameDemo" name="assertSameDemo" time="0.003"/>
  <system-out/>
  <testcase classname="hardassertion.AssertSameDemo" name="assertNotSameDemo" time="0.019"/>
  <system-out/>
</testsuite> <!-- hardassertion.AssertSameDemo -->
