<?xml version="1.0" encoding="UTF-8"?>
<!-- Generated by org.testng.reporters.JUnitReportReporter -->
<testsuite hostname="DESKTOP-NN2G5LG" failures="0" tests="3" name="condition.PriorityConditionDemo" time="0.018" errors="0" timestamp="2022-11-09T11:32:52 IST" skipped="0">
  <testcase classname="condition.PriorityConditionDemo" name="createUser" time="0.011"/>
  <system-out/>
  <testcase classname="condition.PriorityConditionDemo" name="modifyUser" time="0.004"/>
  <system-out/>
  <testcase classname="condition.PriorityConditionDemo" name="deleteUser" time="0.003"/>
  <system-out/>
</testsuite> <!-- condition.PriorityConditionDemo -->
