<?xml version="1.0" encoding="UTF-8"?>
<!-- Generated by org.testng.reporters.JUnitReportReporter -->
<testsuite hostname="DESKTOP-NN2G5LG" failures="0" tests="2" name="softassertion.AssertNullDemo" time="0.031" errors="0" timestamp="2022-11-09T11:54:13 IST" skipped="0">
  <testcase classname="softassertion.AssertNullDemo" name="assertNullDemo" time="0.003"/>
  <system-out/>
  <testcase classname="softassertion.AssertNullDemo" name="assertNotNullDemo" time="0.028"/>
  <system-out/>
</testsuite> <!-- softassertion.AssertNullDemo -->
