<?xml version="1.0" encoding="UTF-8"?>
<!-- Generated by org.testng.reporters.JUnitReportReporter -->
<testsuite hostname="DESKTOP-NN2G5LG" failures="0" tests="2" name="annotationsummary.AnnotationsSummary" time="0.020" errors="0" timestamp="2022-11-09T11:29:56 IST" skipped="0">
  <testcase classname="annotationsummary.AnnotationsSummary" name="method2" time="0.004"/>
  <system-out/>
  <testcase classname="annotationsummary.AnnotationsSummary" name="method1" time="0.016"/>
  <system-out/>
</testsuite> <!-- annotationsummary.AnnotationsSummary -->
