<?xml version="1.0" encoding="UTF-8"?>
<!-- Generated by org.testng.reporters.JUnitReportReporter -->
<testsuite hostname="DESKTOP-NN2G5LG" failures="0" tests="3" name="condition.Users" time="0.016" errors="0" timestamp="2022-11-09T11:33:47 IST" skipped="1">
  <testcase classname="condition.Users" name="deleteUser" time="0.006"/>
  <system-out/>
  <testcase classname="condition.Users" name="createUser" time="0.010"/>
  <system-out/>
  <testcase classname="condition.Users" name="modifyUser">
    <skipped/>
  </testcase> <!-- modifyUser -->
  <system-out/>
</testsuite> <!-- condition.Users -->
