<?xml version="1.0" encoding="UTF-8"?>
<!-- Generated by org.testng.reporters.JUnitReportReporter -->
<testsuite hostname="DESKTOP-NN2G5LG" failures="0" tests="2" name="hardassertion.AssertEqualsDemo" time="0.020" errors="0" timestamp="2022-11-09T11:34:58 IST" skipped="0">
  <testcase classname="hardassertion.AssertEqualsDemo" name="assertEqualsDemo" time="0.018"/>
  <system-out/>
  <testcase classname="hardassertion.AssertEqualsDemo" name="assertNotEqualsDemo" time="0.002"/>
  <system-out/>
</testsuite> <!-- hardassertion.AssertEqualsDemo -->
