<?xml version="1.0" encoding="UTF-8"?>
<!-- Generated by org.testng.reporters.JUnitReportReporter -->
<testsuite hostname="DESKTOP-NN2G5LG" failures="0" tests="3" name="parameters.DataProviderDemo" time="0.021" errors="0" timestamp="2022-11-09T11:40:05 IST" skipped="0">
  <testcase classname="parameters.DataProviderDemo" name="displayTestData" time="0.012"/>
  <system-out/>
  <testcase classname="parameters.DataProviderDemo" name="displayTestData" time="0.004"/>
  <system-out/>
  <testcase classname="parameters.DataProviderDemo" name="displayTestData" time="0.005"/>
  <system-out/>
</testsuite> <!-- parameters.DataProviderDemo -->
