<?xml version="1.0" encoding="UTF-8"?>
<!-- Generated by org.testng.reporters.JUnitReportReporter -->
<testsuite hostname="DESKTOP-NN2G5LG" failures="0" tests="3" name="users.Users" time="0.018" errors="0" timestamp="2022-11-09T11:58:46 IST" skipped="0">
  <testcase classname="users.Users" name="deleteUser" time="0.003"/>
  <system-out/>
  <testcase classname="users.Users" name="createUser" time="0.010"/>
  <system-out/>
  <testcase classname="users.Users" name="modifyUser" time="0.005"/>
  <system-out/>
</testsuite> <!-- users.Users -->
