<?xml version="1.0" encoding="UTF-8"?>
<!-- Generated by org.testng.reporters.JUnitReportReporter -->
<testsuite hostname="DESKTOP-NN2G5LG" failures="0" tests="2" name="softassertion.AssertSameDemo" time="0.031" errors="0" timestamp="2022-11-09T11:56:18 IST" skipped="0">
  <testcase classname="softassertion.AssertSameDemo" name="assertSameDemo" time="0.007"/>
  <system-out/>
  <testcase classname="softassertion.AssertSameDemo" name="assertNotSameDemo" time="0.024"/>
  <system-out/>
</testsuite> <!-- softassertion.AssertSameDemo -->
