<?xml version="1.0" encoding="UTF-8"?>
<!-- Generated by org.testng.reporters.JUnitReportReporter -->
<testsuite hostname="DESKTOP-NN2G5LG" failures="0" tests="3" name="condition.DependsOnMethodsCondition" time="0.017" errors="0" timestamp="2022-11-09T11:31:36 IST" skipped="0">
  <testcase classname="condition.DependsOnMethodsCondition" name="deleteUser" time="0.003"/>
  <system-out/>
  <testcase classname="condition.DependsOnMethodsCondition" name="createUser" time="0.010"/>
  <system-out/>
  <testcase classname="condition.DependsOnMethodsCondition" name="modifyUser" time="0.004"/>
  <system-out/>
</testsuite> <!-- condition.DependsOnMethodsCondition -->
