<?xml version="1.0" encoding="UTF-8"?>
<!-- Generated by org.testng.reporters.JUnitReportReporter -->
<testsuite hostname="DESKTOP-NN2G5LG" failures="0" tests="6" name="testngscenario.LoginLogoutDemo" time="31.512" errors="0" timestamp="2022-11-09T14:53:09 IST" skipped="0">
  <testcase classname="testngscenario.LoginLogoutDemo" name="launchBrowser" time="5.154"/>
  <system-out/>
  <testcase classname="testngscenario.LoginLogoutDemo" name="navigate" time="13.029"/>
  <system-out/>
  <testcase classname="testngscenario.LoginLogoutDemo" name="login" time="8.112"/>
  <system-out/>
  <testcase classname="testngscenario.LoginLogoutDemo" name="minimizeFlyOutwindow" time="2.201"/>
  <system-out/>
  <testcase classname="testngscenario.LoginLogoutDemo" name="logout" time="2.545"/>
  <system-out/>
  <testcase classname="testngscenario.LoginLogoutDemo" name="closeApp" time="0.471"/>
  <system-out/>
</testsuite> <!-- testngscenario.LoginLogoutDemo -->
